<?xml version="1.0" encoding="UTF-8"?>
<coverage generated="1752958718195" clover="3.2.0">
  <project timestamp="1752958718195" name="All files">
    <metrics statements="20" coveredstatements="18" conditionals="2" coveredconditionals="1" methods="3" coveredmethods="1" elements="25" coveredelements="20" complexity="0" loc="20" ncloc="20" packages="3" files="3" classes="3"/>
    <package name="src">
      <metrics statements="14" coveredstatements="12" conditionals="0" coveredconditionals="0" methods="3" coveredmethods="1"/>
      <file name="app.js" path="C:\Users\USER\Desktop\Mern_week_6\week-6-test-debug-assignment-Nedcarol\server\src\app.js">
        <metrics statements="14" coveredstatements="12" conditionals="0" coveredconditionals="0" methods="3" coveredmethods="1"/>
        <line num="3" count="1" type="stmt"/>
        <line num="4" count="1" type="stmt"/>
        <line num="5" count="1" type="stmt"/>
        <line num="6" count="1" type="stmt"/>
        <line num="8" count="1" type="stmt"/>
        <line num="11" count="1" type="stmt"/>
        <line num="15" count="1" type="stmt"/>
        <line num="17" count="0" type="stmt"/>
        <line num="20" count="1" type="stmt"/>
        <line num="22" count="1" type="stmt"/>
        <line num="23" count="1" type="stmt"/>
        <line num="25" count="1" type="stmt"/>
        <line num="26" count="0" type="stmt"/>
        <line num="29" count="1" type="stmt"/>
      </file>
    </package>
    <package name="src.models">
      <metrics statements="3" coveredstatements="3" conditionals="2" coveredconditionals="1" methods="0" coveredmethods="0"/>
      <file name="Post.js" path="C:\Users\USER\Desktop\Mern_week_6\week-6-test-debug-assignment-Nedcarol\server\src\models\Post.js">
        <metrics statements="3" coveredstatements="3" conditionals="2" coveredconditionals="1" methods="0" coveredmethods="0"/>
        <line num="2" count="1" type="stmt"/>
        <line num="4" count="1" type="stmt"/>
        <line num="31" count="1" type="cond" truecount="1" falsecount="1"/>
      </file>
    </package>
    <package name="src.routes">
      <metrics statements="3" coveredstatements="3" conditionals="0" coveredconditionals="0" methods="0" coveredmethods="0"/>
      <file name="posts.js" path="C:\Users\USER\Desktop\Mern_week_6\week-6-test-debug-assignment-Nedcarol\server\src\routes\posts.js">
        <metrics statements="3" coveredstatements="3" conditionals="0" coveredconditionals="0" methods="0" coveredmethods="0"/>
        <line num="1" count="1" type="stmt"/>
        <line num="3" count="1" type="stmt"/>
        <line num="14" count="1" type="stmt"/>
      </file>
    </package>
  </project>
</coverage>
