TN:
SF:src\app.js
FN:14,(anonymous_0)
FN:16,(anonymous_1)
FN:25,(anonymous_2)
FNF:3
FNH:1
FNDA:1,(anonymous_0)
FNDA:0,(anonymous_1)
FNDA:0,(anonymous_2)
DA:3,1
DA:4,1
DA:5,1
DA:6,1
DA:8,1
DA:11,1
DA:15,1
DA:17,0
DA:20,1
DA:22,1
DA:23,1
DA:25,1
DA:26,0
DA:29,1
LF:14
LH:12
BRF:0
BRH:0
end_of_record
TN:
SF:src\models\Post.js
FNF:0
FNH:0
DA:2,1
DA:4,1
DA:31,1
LF:3
LH:3
BRDA:31,0,0,1
BRDA:31,0,1,0
BRF:2
BRH:1
end_of_record
TN:
SF:src\routes\posts.js
FNF:0
FNH:0
DA:1,1
DA:3,1
DA:14,1
LF:3
LH:3
BRF:0
BRH:0
end_of_record
